<?xml version="1.0" encoding="UTF-8"?>
<!-- Generated by org.testng.reporters.JUnitXMLReporter -->
<testsuite hostname="rafal" name="Default test" tests="11" failures="0" timestamp="13 Apr 2015 13:11:21 GMT" time="958.761" errors="0">
  <testcase name="AddActivitiesBySubMenu" time="113.394" classname="CRM_Mobile_Tests.AddNewActivitiesAndCheckResults"/>
  <testcase name="AddActivitiesInActivitisView" time="115.605" classname="CRM_Mobile_Tests.AddNewActivitiesAndCheckResults"/>
  <testcase name="ShouldDisplayAllItemInSubMenu" time="5.561" classname="CRM_Mobile_Tests.DisplayWorkOrderDetails"/>
  <testcase name="ShouldDisplayProperWoDetalis" time="0.729" classname="CRM_Mobile_Tests.DisplayWorkOrderDetails"/>
  <testcase name="Test" time="45.787" classname="CRM_Mobile_Tests.AddPhotoToWorkOrder"/>
  <testcase name="ShouldDisplayInformationPanel" time="4.687" classname="CRM_Mobile_Tests.DisplayInformationPage"/>
  <testcase name="SchouldScrollDownAndDisplayMenuItem" time="9.589" classname="CRM_Mobile_Tests.DisplayMainMenu"/>
  <testcase name="ShouldDisplayMainMenu" time="3.556" classname="CRM_Mobile_Tests.DisplayMainMenu"/>
  <testcase name="ShouldDisplaySubMenu" time="5.147" classname="CRM_Mobile_Tests.DisplayMainMenu"/>
  <testcase name="ShouldDisplayAllItemInSubMenu" time="15.363" classname="CRM_Mobile_Tests.DisplayWorkOrderList"/>
  <testcase name="ShouldDisplayAnyElmentInList" time="2.039" classname="CRM_Mobile_Tests.DisplayWorkOrderList"/>
</testsuite> <!-- Default test -->
