<?xml version="1.0" encoding="UTF-8"?>
<testng-results skipped="0" failed="0" total="2" passed="2">
  <reporter-output>
  </reporter-output>
  <suite name="Default suite" duration-ms="47617" started-at="2015-04-12T17:35:23Z" finished-at="2015-04-12T17:36:10Z">
    <groups>
    </groups>
    <test name="Default test" duration-ms="47617" started-at="2015-04-12T17:35:23Z" finished-at="2015-04-12T17:36:10Z">
      <class name="CRM_Mobile_Tests.DisplayWorkOrderDetails">
        <test-method status="PASS" signature="setUp()[pri:0, instance:CRM_Mobile_Tests.DisplayWorkOrderDetails@7186fe17]" name="setUp" is-config="true" duration-ms="43035" started-at="2015-04-12T19:35:23Z" finished-at="2015-04-12T19:36:06Z">
          <reporter-output>
          </reporter-output>
        </test-method> <!-- setUp -->
        <test-method status="PASS" signature="ShouldDisplayAllItemInSubMenu()[pri:0, instance:CRM_Mobile_Tests.DisplayWorkOrderDetails@7186fe17]" name="ShouldDisplayAllItemInSubMenu" duration-ms="3268" started-at="2015-04-12T19:36:06Z" finished-at="2015-04-12T19:36:09Z">
          <reporter-output>
          </reporter-output>
        </test-method> <!-- ShouldDisplayAllItemInSubMenu -->
        <test-method status="PASS" signature="ScreenshotWhenFail(org.testng.ITestResult)[pri:0, instance:CRM_Mobile_Tests.DisplayWorkOrderDetails@7186fe17]" name="ScreenshotWhenFail" is-config="true" duration-ms="2" started-at="2015-04-12T19:36:09Z" finished-at="2015-04-12T19:36:09Z">
          <params>
            <param index="0">
              <value>
                <![CDATA[[TestResult name=ShouldDisplayAllItemInSubMenu status=SUCCESS method=DisplayWorkOrderDetails.ShouldDisplayAllItemInSubMenu()[pri:0, instance:CRM_Mobile_Tests.DisplayWorkOrderDetails@7186fe17] output={null}]]]>
              </value>
            </param>
          </params>
          <reporter-output>
          </reporter-output>
        </test-method> <!-- ScreenshotWhenFail -->
        <test-method status="PASS" signature="ShouldDisplayProperWoDetalis()[pri:0, instance:CRM_Mobile_Tests.DisplayWorkOrderDetails@7186fe17]" name="ShouldDisplayProperWoDetalis" duration-ms="513" started-at="2015-04-12T19:36:09Z" finished-at="2015-04-12T19:36:09Z">
          <reporter-output>
          </reporter-output>
        </test-method> <!-- ShouldDisplayProperWoDetalis -->
        <test-method status="PASS" signature="ScreenshotWhenFail(org.testng.ITestResult)[pri:0, instance:CRM_Mobile_Tests.DisplayWorkOrderDetails@7186fe17]" name="ScreenshotWhenFail" is-config="true" duration-ms="1" started-at="2015-04-12T19:36:09Z" finished-at="2015-04-12T19:36:09Z">
          <params>
            <param index="0">
              <value>
                <![CDATA[[TestResult name=ShouldDisplayProperWoDetalis status=SUCCESS method=DisplayWorkOrderDetails.ShouldDisplayProperWoDetalis()[pri:0, instance:CRM_Mobile_Tests.DisplayWorkOrderDetails@7186fe17] output={null}]]]>
              </value>
            </param>
          </params>
          <reporter-output>
          </reporter-output>
        </test-method> <!-- ScreenshotWhenFail -->
        <test-method status="PASS" signature="tearDown()[pri:0, instance:CRM_Mobile_Tests.DisplayWorkOrderDetails@7186fe17]" name="tearDown" is-config="true" duration-ms="765" started-at="2015-04-12T19:36:09Z" finished-at="2015-04-12T19:36:10Z">
          <reporter-output>
          </reporter-output>
        </test-method> <!-- tearDown -->
      </class> <!-- CRM_Mobile_Tests.DisplayWorkOrderDetails -->
    </test> <!-- Default test -->
  </suite> <!-- Default suite -->
</testng-results>
