<?xml version="1.0" encoding="UTF-8"?>
<testng-results skipped="3" failed="0" total="3" passed="0">
  <reporter-output>
  </reporter-output>
  <suite name="Default suite" duration-ms="132170" started-at="2015-04-10T13:06:53Z" finished-at="2015-04-10T13:09:05Z">
    <groups>
    </groups>
    <test name="Default test" duration-ms="132170" started-at="2015-04-10T13:06:53Z" finished-at="2015-04-10T13:09:05Z">
      <class name="CRM_Mobile_Tests.DisplayWorkOrderDetails">
        <test-method status="FAIL" signature="setUp()[pri:0, instance:CRM_Mobile_Tests.DisplayWorkOrderDetails@721bdf30]" name="setUp" is-config="true" duration-ms="0" started-at="2015-04-10T15:06:53Z" finished-at="2015-04-10T15:06:53Z">
          <exception class="org.openqa.selenium.WebDriverException">
            <message>
              <![CDATA[An unknown server-side error occurred while processing the command. (WARNING: The server did not provide any stacktrace information)
Command duration or timeout: 252 milliseconds
Build info: version: '2.45.0', revision: '5017cb8', time: '2015-02-26 23:59:50'
System info: host: 'rafal', ip: '192.168.222.1', os.name: 'Windows 7', os.arch: 'amd64', os.version: '6.1', java.version: '1.7.0_71'
*** Element info: {Using=xpath, value=//android.widget.TextView[@text='2500 Holding Group LLC  (3)']}
Session ID: b4a4baa9-bcb3-4dd5-b6a7-89c61f94fdb3
Driver info: org.openqa.selenium.remote.RemoteWebDriver
Capabilities [{platform=LINUX, javascriptEnabled=true, browserName=Android, networkConnectionEnabled=true, desired={platformVersion=4.4, platformName=Android, deviceName=Android Emulator, deviceType=phone, app-package=com.friendlysol.android, name=Test, app-activity=.activities.StartActivity}, locationContextEnabled=false, platformVersion=4.4, databaseEnabled=false, platformName=Android, deviceName=Android Emulator, deviceType=phone, app-package=com.friendlysol.android, name=Test, webStorageEnabled=false, app-activity=.activities.StartActivity, warnings={}, takesScreenshot=true}]]]>
            </message>
            <full-stacktrace>
              <![CDATA[org.openqa.selenium.WebDriverException: An unknown server-side error occurred while processing the command. (WARNING: The server did not provide any stacktrace information)
Command duration or timeout: 252 milliseconds
Build info: version: '2.45.0', revision: '5017cb8', time: '2015-02-26 23:59:50'
System info: host: 'rafal', ip: '192.168.222.1', os.name: 'Windows 7', os.arch: 'amd64', os.version: '6.1', java.version: '1.7.0_71'
*** Element info: {Using=xpath, value=//android.widget.TextView[@text='2500 Holding Group LLC  (3)']}
Session ID: b4a4baa9-bcb3-4dd5-b6a7-89c61f94fdb3
Driver info: org.openqa.selenium.remote.RemoteWebDriver
Capabilities [{platform=LINUX, javascriptEnabled=true, browserName=Android, networkConnectionEnabled=true, desired={platformVersion=4.4, platformName=Android, deviceName=Android Emulator, deviceType=phone, app-package=com.friendlysol.android, name=Test, app-activity=.activities.StartActivity}, locationContextEnabled=false, platformVersion=4.4, databaseEnabled=false, platformName=Android, deviceName=Android Emulator, deviceType=phone, app-package=com.friendlysol.android, name=Test, webStorageEnabled=false, app-activity=.activities.StartActivity, warnings={}, takesScreenshot=true}]
	at sun.reflect.GeneratedConstructorAccessor11.newInstance(Unknown Source)
	at sun.reflect.DelegatingConstructorAccessorImpl.newInstance(Unknown Source)
	at java.lang.reflect.Constructor.newInstance(Unknown Source)
	at org.openqa.selenium.remote.ErrorHandler.createThrowable(ErrorHandler.java:204)
	at org.openqa.selenium.remote.ErrorHandler.throwIfResponseFailed(ErrorHandler.java:156)
	at org.openqa.selenium.remote.RemoteWebDriver.execute(RemoteWebDriver.java:599)
	at org.openqa.selenium.remote.RemoteWebDriver.findElement(RemoteWebDriver.java:352)
	at org.openqa.selenium.remote.RemoteWebDriver.findElementByXPath(RemoteWebDriver.java:449)
	at org.openqa.selenium.By$ByXPath.findElement(By.java:357)
	at org.openqa.selenium.remote.RemoteWebDriver.findElement(RemoteWebDriver.java:344)
	at org.openqa.selenium.support.ui.ExpectedConditions.findElement(ExpectedConditions.java:730)
	at org.openqa.selenium.support.ui.ExpectedConditions.access$0(ExpectedConditions.java:728)
	at org.openqa.selenium.support.ui.ExpectedConditions$3.apply(ExpectedConditions.java:106)
	at org.openqa.selenium.support.ui.ExpectedConditions$3.apply(ExpectedConditions.java:1)
	at org.openqa.selenium.support.ui.FluentWait.until(FluentWait.java:208)
	at UI.UI.WaitForElement(UI.java:108)
	at UI.UI.WaitAndTap(UI.java:94)
	at Page.WorkOrder.WorkOrderListViewSubMenu.Customers(WorkOrderListViewSubMenu.java:43)
	at CRM_Mobile_Tests.DisplayWorkOrderDetails.setUp(DisplayWorkOrderDetails.java:34)
	at sun.reflect.NativeMethodAccessorImpl.invoke0(Native Method)
	at sun.reflect.NativeMethodAccessorImpl.invoke(Unknown Source)
	at sun.reflect.DelegatingMethodAccessorImpl.invoke(Unknown Source)
	at java.lang.reflect.Method.invoke(Unknown Source)
	at org.testng.internal.MethodInvocationHelper.invokeMethod(MethodInvocationHelper.java:84)
	at org.testng.internal.Invoker.invokeConfigurationMethod(Invoker.java:564)
	at org.testng.internal.Invoker.invokeConfigurations(Invoker.java:213)
	at org.testng.internal.Invoker.invokeConfigurations(Invoker.java:138)
	at org.testng.internal.TestMethodWorker.invokeBeforeClassMethods(TestMethodWorker.java:175)
	at org.testng.internal.TestMethodWorker.run(TestMethodWorker.java:107)
	at org.testng.TestRunner.privateRun(TestRunner.java:767)
	at org.testng.TestRunner.run(TestRunner.java:617)
	at org.testng.SuiteRunner.runTest(SuiteRunner.java:334)
	at org.testng.SuiteRunner.runSequentially(SuiteRunner.java:329)
	at org.testng.SuiteRunner.privateRun(SuiteRunner.java:291)
	at org.testng.SuiteRunner.run(SuiteRunner.java:240)
	at org.testng.SuiteRunnerWorker.runSuite(SuiteRunnerWorker.java:52)
	at org.testng.SuiteRunnerWorker.run(SuiteRunnerWorker.java:86)
	at org.testng.TestNG.runSuitesSequentially(TestNG.java:1224)
	at org.testng.TestNG.runSuitesLocally(TestNG.java:1149)
	at org.testng.TestNG.run(TestNG.java:1057)
	at org.testng.TestNG.privateMain(TestNG.java:1364)
	at org.testng.TestNG.main(TestNG.java:1333)
]]>
            </full-stacktrace>
          </exception> <!-- org.openqa.selenium.WebDriverException -->
          <reporter-output>
          </reporter-output>
        </test-method> <!-- setUp -->
        <test-method status="SKIP" signature="SchouldCheckStatusAllButtonsInPage()[pri:0, instance:CRM_Mobile_Tests.DisplayWorkOrderDetails@721bdf30]" name="SchouldCheckStatusAllButtonsInPage" duration-ms="1" started-at="2015-04-10T15:09:05Z" finished-at="2015-04-10T15:09:05Z">
          <reporter-output>
          </reporter-output>
        </test-method> <!-- SchouldCheckStatusAllButtonsInPage -->
        <test-method status="SKIP" signature="ScreenshotWhenFail(org.testng.ITestResult)[pri:0, instance:CRM_Mobile_Tests.DisplayWorkOrderDetails@721bdf30]" name="ScreenshotWhenFail" is-config="true" duration-ms="0" started-at="2015-04-10T15:09:05Z" finished-at="2015-04-10T15:09:05Z">
          <reporter-output>
          </reporter-output>
        </test-method> <!-- ScreenshotWhenFail -->
        <test-method status="SKIP" signature="ShouldDisplayAllItemInSubMenu()[pri:0, instance:CRM_Mobile_Tests.DisplayWorkOrderDetails@721bdf30]" name="ShouldDisplayAllItemInSubMenu" duration-ms="1" started-at="2015-04-10T15:09:05Z" finished-at="2015-04-10T15:09:05Z">
          <reporter-output>
          </reporter-output>
        </test-method> <!-- ShouldDisplayAllItemInSubMenu -->
        <test-method status="SKIP" signature="ScreenshotWhenFail(org.testng.ITestResult)[pri:0, instance:CRM_Mobile_Tests.DisplayWorkOrderDetails@721bdf30]" name="ScreenshotWhenFail" is-config="true" duration-ms="0" started-at="2015-04-10T15:09:05Z" finished-at="2015-04-10T15:09:05Z">
          <reporter-output>
          </reporter-output>
        </test-method> <!-- ScreenshotWhenFail -->
        <test-method status="SKIP" signature="ShouldDisplayProperWoDetalis()[pri:0, instance:CRM_Mobile_Tests.DisplayWorkOrderDetails@721bdf30]" name="ShouldDisplayProperWoDetalis" duration-ms="1" started-at="2015-04-10T15:09:05Z" finished-at="2015-04-10T15:09:05Z">
          <reporter-output>
          </reporter-output>
        </test-method> <!-- ShouldDisplayProperWoDetalis -->
        <test-method status="SKIP" signature="ScreenshotWhenFail(org.testng.ITestResult)[pri:0, instance:CRM_Mobile_Tests.DisplayWorkOrderDetails@721bdf30]" name="ScreenshotWhenFail" is-config="true" duration-ms="0" started-at="2015-04-10T15:09:05Z" finished-at="2015-04-10T15:09:05Z">
          <reporter-output>
          </reporter-output>
        </test-method> <!-- ScreenshotWhenFail -->
        <test-method status="SKIP" signature="tearDown()[pri:0, instance:CRM_Mobile_Tests.DisplayWorkOrderDetails@721bdf30]" name="tearDown" is-config="true" duration-ms="0" started-at="2015-04-10T15:09:05Z" finished-at="2015-04-10T15:09:05Z">
          <reporter-output>
          </reporter-output>
        </test-method> <!-- tearDown -->
      </class> <!-- CRM_Mobile_Tests.DisplayWorkOrderDetails -->
    </test> <!-- Default test -->
  </suite> <!-- Default suite -->
</testng-results>
